c:\users\k1520501\source\repos\spawnpointsduckhunt\spawnpointsduckhunt\x64\release\vc141.pdb
c:\users\k1520501\source\repos\spawnpointsduckhunt\spawnpointsduckhunt\x64\release\vector3.obj
c:\users\k1520501\source\repos\spawnpointsduckhunt\spawnpointsduckhunt\x64\release\spawnpointslibrary.obj
c:\users\k1520501\source\repos\spawnpointsduckhunt\x64\release\spawnpointsduckhunt.dll
c:\users\k1520501\source\repos\spawnpointsduckhunt\x64\release\spawnpointsduckhunt.pdb
c:\users\k1520501\source\repos\spawnpointsduckhunt\x64\release\spawnpointsduckhunt.lib
c:\users\k1520501\source\repos\spawnpointsduckhunt\x64\release\spawnpointsduckhunt.exp
c:\users\k1520501\source\repos\spawnpointsduckhunt\x64\release\spawnpointsduckhunt.ipdb
c:\users\k1520501\source\repos\spawnpointsduckhunt\x64\release\spawnpointsduckhunt.iobj
c:\github\game-optimization-project\spawnpointsduckhuntdll\spawnpointsduckhunt\x64\release\spawnpointslibrary.obj
c:\github\game-optimization-project\spawnpointsduckhuntdll\spawnpointsduckhunt\x64\release\vector3.obj
c:\github\game-optimization-project\spawnpointsduckhuntdll\spawnpointsduckhunt\x64\release\vc141.pdb
c:\github\game-optimization-project\spawnpointsduckhuntdll\x64\release\spawnpointsduckhunt.pdb
c:\github\game-optimization-project\spawnpointsduckhuntdll\x64\release\spawnpointsduckhunt.dll
c:\github\game-optimization-project\spawnpointsduckhuntdll\spawnpointsduckhunt\x64\release\spawnpoi.e89bc26d.tlog\cl.command.1.tlog
c:\github\game-optimization-project\spawnpointsduckhuntdll\spawnpointsduckhunt\x64\release\spawnpoi.e89bc26d.tlog\cl.read.1.tlog
c:\github\game-optimization-project\spawnpointsduckhuntdll\spawnpointsduckhunt\x64\release\spawnpoi.e89bc26d.tlog\cl.write.1.tlog
c:\github\game-optimization-project\spawnpointsduckhuntdll\spawnpointsduckhunt\x64\release\spawnpoi.e89bc26d.tlog\link.command.1.tlog
c:\github\game-optimization-project\spawnpointsduckhuntdll\spawnpointsduckhunt\x64\release\spawnpoi.e89bc26d.tlog\link.read.1.tlog
c:\github\game-optimization-project\spawnpointsduckhuntdll\spawnpointsduckhunt\x64\release\spawnpoi.e89bc26d.tlog\link.write.1.tlog
c:\github\game-optimization-project\spawnpointsduckhuntdll\spawnpointsduckhunt\x64\release\spawnpoi.e89bc26d.tlog\spawnpointsduckhunt.write.1u.tlog
